[0.033s] Invoking command in '/home/dpeter/ros2_ws/build/my_cpp_pkg': CMAKE_PREFIX_PATH=${CMAKE_PREFIX_PATH}:/home/dpeter/ros2_ws/install/my_py_pkg:/opt/ros/foxy /usr/bin/cmake --build /home/dpeter/ros2_ws/build/my_cpp_pkg -- -j8 -l8
[0.088s] [35m[1mScanning dependencies of target cpp_node[0m
[0.124s] [ 50%] [32mBuilding CXX object CMakeFiles/cpp_node.dir/src/my_first_node.cpp.o[0m
[1.809s] In file included from [01m[K/opt/ros/foxy/include/rclcpp/service.hpp:34[m[K,
[1.809s]                  from [01m[K/opt/ros/foxy/include/rclcpp/callback_group.hpp:25[m[K,
[1.810s]                  from [01m[K/opt/ros/foxy/include/rclcpp/any_executable.hpp:20[m[K,
[1.810s]                  from [01m[K/opt/ros/foxy/include/rclcpp/memory_strategy.hpp:24[m[K,
[1.810s]                  from [01m[K/opt/ros/foxy/include/rclcpp/memory_strategies.hpp:18[m[K,
[1.810s]                  from [01m[K/opt/ros/foxy/include/rclcpp/executor_options.hpp:20[m[K,
[1.810s]                  from [01m[K/opt/ros/foxy/include/rclcpp/executor.hpp:33[m[K,
[1.810s]                  from [01m[K/opt/ros/foxy/include/rclcpp/executors/multi_threaded_executor.hpp:26[m[K,
[1.811s]                  from [01m[K/opt/ros/foxy/include/rclcpp/executors.hpp:21[m[K,
[1.811s]                  from [01m[K/opt/ros/foxy/include/rclcpp/rclcpp.hpp:146[m[K,
[1.811s]                  from [01m[K/home/dpeter/ros2_ws/src/my_cpp_pkg/src/my_first_node.cpp:1[m[K:
[1.811s] [01m[K/home/dpeter/ros2_ws/src/my_cpp_pkg/src/my_first_node.cpp:[m[K In constructor â€˜[01m[KMyNode::MyNode()[m[Kâ€™:
[1.811s] [01m[K/home/dpeter/ros2_ws/src/my_cpp_pkg/src/my_first_node.cpp:9:21:[m[K [01;31m[Kerror: [m[Kâ€˜[01m[Knode[m[Kâ€™ was not declared in this scope; did you mean â€˜[01m[KNode[m[Kâ€™?
[1.811s]     9 |         RCLCPP_INFO([01;31m[Knode[m[K->get_logger(), "Hello cpp node");
[1.811s]       |                     [01;31m[K^~~~[m[K
[1.811s] [01m[K/home/dpeter/ros2_ws/src/my_cpp_pkg/src/my_first_node.cpp:9:9:[m[K [01;31m[Kerror: [m[Ktemplate argument 1 is invalid
[1.811s]     9 |         [01;31m[KRCLCPP_INFO[m[K(node->get_logger(), "Hello cpp node");
[1.811s]       |         [01;31m[K^~~~~~~~~~~[m[K
[1.812s] [01m[K/home/dpeter/ros2_ws/src/my_cpp_pkg/src/my_first_node.cpp:9:9:[m[K [01;31m[Kerror: [m[Ktemplate argument 1 is invalid
[1.812s]     9 |         [01;31m[KRCLCPP_INFO[m[K(node->get_logger(), "Hello cpp node");
[1.812s]       |         [01;31m[K^~~~~~~~~~~[m[K
[1.812s] [01m[K/home/dpeter/ros2_ws/src/my_cpp_pkg/src/my_first_node.cpp:9:9:[m[K [01;31m[Kerror: [m[Ktemplate argument 1 is invalid
[1.812s]     9 |         [01;31m[KRCLCPP_INFO[m[K(node->get_logger(), "Hello cpp node");
[1.812s]       |         [01;31m[K^~~~~~~~~~~[m[K
[2.287s] make[2]: *** [CMakeFiles/cpp_node.dir/build.make:63: CMakeFiles/cpp_node.dir/src/my_first_node.cpp.o] Error 1
[2.287s] make[1]: *** [CMakeFiles/Makefile2:78: CMakeFiles/cpp_node.dir/all] Error 2
[2.287s] make: *** [Makefile:141: all] Error 2
[2.290s] Invoked command in '/home/dpeter/ros2_ws/build/my_cpp_pkg' returned '2': CMAKE_PREFIX_PATH=${CMAKE_PREFIX_PATH}:/home/dpeter/ros2_ws/install/my_py_pkg:/opt/ros/foxy /usr/bin/cmake --build /home/dpeter/ros2_ws/build/my_cpp_pkg -- -j8 -l8
